[debug] [2023-11-28T16:15:41.671Z] ----------------------------------------------------------------------
[debug] [2023-11-28T16:15:41.672Z] Command:       C:\Program Files\nodejs\node.exe C:\Users\shahabuddin akhon hr\AppData\Roaming\npm\node_modules\firebase-tools\lib\bin\firebase.js init
[debug] [2023-11-28T16:15:41.672Z] CLI Version:   12.9.1
[debug] [2023-11-28T16:15:41.673Z] Platform:      win32
[debug] [2023-11-28T16:15:41.673Z] Node Version:  v18.13.0
[debug] [2023-11-28T16:15:41.674Z] Time:          Tue Nov 28 2023 22:15:41 GMT+0600 (Bangladesh Standard Time)
[debug] [2023-11-28T16:15:41.674Z] ----------------------------------------------------------------------
[debug] 
[debug] [2023-11-28T16:15:41.738Z] > command requires scopes: ["email","openid","https://www.googleapis.com/auth/cloudplatformprojects.readonly","https://www.googleapis.com/auth/firebase","https://www.googleapis.com/auth/cloud-platform"]
[debug] [2023-11-28T16:15:41.739Z] > authorizing via signed-in user (shavoddin54@gmail.com)
[info] 
     ######## #### ########  ######## ########     ###     ######  ########
     ##        ##  ##     ## ##       ##     ##  ##   ##  ##       ##
     ######    ##  ########  ######   ########  #########  ######  ######
     ##        ##  ##    ##  ##       ##     ## ##     ##       ## ##
     ##       #### ##     ## ######## ########  ##     ##  ######  ########

You're about to initialize a Firebase project in this directory:

  C:\Users\shahabuddin akhon hr\Desktop\sdp project

Before we get started, keep in mind:

  * You are initializing within an existing Firebase project directory

[info] 
=== Project Setup
[info] 
[info] First, let's associate this project directory with a Firebase project.
[info] You can create multiple project aliases by running firebase use --add, 
[info] but for now we'll just set up a default project.
[info] 
[debug] [2023-11-28T16:15:58.012Z] Using project from CLI flag: heritage-46a39
[debug] [2023-11-28T16:15:58.014Z] >>> [apiv2][query] GET https://firebase.googleapis.com/v1beta1/projects/heritage-46a39 [none]
[debug] [2023-11-28T16:15:58.809Z] <<< [apiv2][status] GET https://firebase.googleapis.com/v1beta1/projects/heritage-46a39 200
[debug] [2023-11-28T16:15:58.809Z] <<< [apiv2][body] GET https://firebase.googleapis.com/v1beta1/projects/heritage-46a39 {"projectId":"heritage-46a39","projectNumber":"1020586590659","displayName":"Heritage","name":"projects/heritage-46a39","resources":{"hostingSite":"heritage-46a39"},"state":"ACTIVE","etag":"1_018eb476-1f51-40b6-bfed-942e9bc8bf10"}
[info] i  Using project heritage-46a39 (Heritage) 
[info] 
=== Hosting:github Setup
[info] 
[info] i  Detected a .git folder at C:\Users\shahabuddin akhon hr\Desktop\sdp project 
[info] i  Authorizing with GitHub to upload your service account to a GitHub repository's secrets store. 
[info] 
[info] Visit this URL on this device to log in:
[info] https://github.com/login/oauth/authorize?client_id=89cf50f02ac6aaed3484&state=356138073&redirect_uri=http%3A%2F%2Flocalhost%3A9005&scope=read%3Auser%20repo%20public_repo
[info] 
[info] Waiting for authentication...
[debug] [2023-11-28T16:15:59.878Z] >>> [apiv2][query] POST https://github.com/login/oauth/access_token [none]
[debug] [2023-11-28T16:15:59.879Z] >>> [apiv2][body] POST https://github.com/login/oauth/access_token [stream]
[debug] [2023-11-28T16:16:00.471Z] <<< [apiv2][status] POST https://github.com/login/oauth/access_token 200
[debug] [2023-11-28T16:16:00.474Z] <<< [apiv2][body] POST https://github.com/login/oauth/access_token {"access_token":"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","token_type":"bearer","scope":"read:user,repo"}
[debug] [2023-11-28T16:16:00.479Z] >>> [apiv2][query] GET https://api.github.com/user [none]
[debug] [2023-11-28T16:16:01.100Z] <<< [apiv2][status] GET https://api.github.com/user 200
[debug] [2023-11-28T16:16:01.100Z] <<< [apiv2][body] GET https://api.github.com/user {"login":"Shahabuddin1122","id":123260120,"node_id":"U_kgDOB1jM2A","avatar_url":"https://avatars.githubusercontent.com/u/123260120?v=4","gravatar_id":"","url":"https://api.github.com/users/Shahabuddin1122","html_url":"https://github.com/Shahabuddin1122","followers_url":"https://api.github.com/users/Shahabuddin1122/followers","following_url":"https://api.github.com/users/Shahabuddin1122/following{/other_user}","gists_url":"https://api.github.com/users/Shahabuddin1122/gists{/gist_id}","starred_url":"https://api.github.com/users/Shahabuddin1122/starred{/owner}{/repo}","subscriptions_url":"https://api.github.com/users/Shahabuddin1122/subscriptions","organizations_url":"https://api.github.com/users/Shahabuddin1122/orgs","repos_url":"https://api.github.com/users/Shahabuddin1122/repos","events_url":"https://api.github.com/users/Shahabuddin1122/events{/privacy}","received_events_url":"https://api.github.com/users/Shahabuddin1122/received_events","type":"User","site_admin":false,"name":null,"company":null,"blog":"","location":null,"email":null,"hireable":null,"bio":null,"twitter_username":null,"public_repos":8,"public_gists":0,"followers":0,"following":0,"created_at":"2023-01-21T16:46:13Z","updated_at":"2023-11-28T15:53:18Z","private_gists":0,"total_private_repos":0,"owned_private_repos":0,"disk_usage":455077,"collaborators":0,"two_factor_authentication":false,"plan":{"name":"pro","space":976562499,"collaborators":0,"private_repos":9999}}
[info] 
[info] +  Success! Logged into GitHub as Shahabuddin1122 
[info] 
[debug] [2023-11-28T16:16:16.897Z] >>> [apiv2][query] GET https://api.github.com/repos//actions/secrets/public-key type=owner
[debug] [2023-11-28T16:16:17.430Z] <<< [apiv2][status] GET https://api.github.com/repos//actions/secrets/public-key 404
[debug] [2023-11-28T16:16:17.431Z] <<< [apiv2][body] GET https://api.github.com/repos//actions/secrets/public-key {"message":"Not Found","documentation_url":"https://docs.github.com/rest"}
[info] 
[info] 
[error] !  The provided authorization cannot be used with this repository. If this repository is in an organization, did you remember to grant access? 
[info] 
[info] i  Action required: Visit this URL to ensure access has been granted to the appropriate organization(s) for the Firebase CLI GitHub OAuth App: 
[info] https://github.com/settings/connections/applications/89cf50f02ac6aaed3484
[info] 
[debug] [2023-11-28T16:16:43.038Z] >>> [apiv2][query] GET https://api.github.com/repos/Shahavuddin1122/SDP__Project/actions/secrets/public-key type=owner
[debug] [2023-11-28T16:16:43.567Z] <<< [apiv2][status] GET https://api.github.com/repos/Shahavuddin1122/SDP__Project/actions/secrets/public-key 404
[debug] [2023-11-28T16:16:43.567Z] <<< [apiv2][body] GET https://api.github.com/repos/Shahavuddin1122/SDP__Project/actions/secrets/public-key {"message":"Not Found","documentation_url":"https://docs.github.com/rest/actions/secrets#get-a-repository-public-key"}
[info] 
[info] 
[error] !  The provided authorization cannot be used with this repository. If this repository is in an organization, did you remember to grant access? 
[info] 
[info] i  Action required: Visit this URL to ensure access has been granted to the appropriate organization(s) for the Firebase CLI GitHub OAuth App: 
[info] https://github.com/settings/connections/applications/89cf50f02ac6aaed3484
[info] 
[debug] [2023-11-28T16:17:35.331Z] >>> [apiv2][query] GET https://api.github.com/repos/Shahavuddin1122/SDP__Project/actions/secrets/public-key type=owner
[debug] [2023-11-28T16:17:36.179Z] <<< [apiv2][status] GET https://api.github.com/repos/Shahavuddin1122/SDP__Project/actions/secrets/public-key 404
[debug] [2023-11-28T16:17:36.179Z] <<< [apiv2][body] GET https://api.github.com/repos/Shahavuddin1122/SDP__Project/actions/secrets/public-key {"message":"Not Found","documentation_url":"https://docs.github.com/rest/actions/secrets#get-a-repository-public-key"}
[info] 
[info] 
[error] !  The provided authorization cannot be used with this repository. If this repository is in an organization, did you remember to grant access? 
[info] 
[info] i  Action required: Visit this URL to ensure access has been granted to the appropriate organization(s) for the Firebase CLI GitHub OAuth App: 
[info] https://github.com/settings/connections/applications/89cf50f02ac6aaed3484
[info] 
